<?xml version="1.0" encoding="UTF-8"?>
<coverage generated="1715153729874" clover="3.2.0">
  <project timestamp="1715153729875" name="All files">
    <metrics statements="86" coveredstatements="71" conditionals="19" coveredconditionals="16" methods="22" coveredmethods="21" elements="127" coveredelements="108" complexity="0" loc="86" ncloc="86" packages="2" files="3" classes="3"/>
    <package name="src">
      <metrics statements="32" coveredstatements="23" conditionals="0" coveredconditionals="0" methods="11" coveredmethods="10"/>
      <file name="App.jsx" path="/Users/emiliarantonen/kurssit/miniprojekti/src/App.jsx">
        <metrics statements="31" coveredstatements="23" conditionals="0" coveredconditionals="0" methods="11" coveredmethods="10"/>
        <line num="8" count="9" type="stmt"/>
        <line num="9" count="8" type="stmt"/>
        <line num="11" count="8" type="stmt"/>
        <line num="12" count="3" type="stmt"/>
        <line num="13" count="3" type="stmt"/>
        <line num="16" count="2" type="stmt"/>
        <line num="17" count="2" type="stmt"/>
        <line num="20" count="8" type="stmt"/>
        <line num="22" count="8" type="stmt"/>
        <line num="24" count="3" type="stmt"/>
        <line num="27" count="3" type="stmt"/>
        <line num="32" count="8" type="stmt"/>
        <line num="33" count="8" type="stmt"/>
        <line num="44" count="8" type="stmt"/>
        <line num="45" count="8" type="stmt"/>
        <line num="46" count="4" type="stmt"/>
        <line num="51" count="1" type="stmt"/>
        <line num="52" count="1" type="stmt"/>
        <line num="53" count="1" type="stmt"/>
        <line num="58" count="8" type="stmt"/>
        <line num="59" count="0" type="stmt"/>
        <line num="60" count="0" type="stmt"/>
        <line num="61" count="0" type="stmt"/>
        <line num="63" count="0" type="stmt"/>
        <line num="64" count="0" type="stmt"/>
        <line num="65" count="0" type="stmt"/>
        <line num="68" count="0" type="stmt"/>
        <line num="70" count="0" type="stmt"/>
        <line num="74" count="8" type="stmt"/>
        <line num="83" count="4" type="stmt"/>
        <line num="95" count="4" type="stmt"/>
      </file>
      <file name="main.jsx" path="/Users/emiliarantonen/kurssit/miniprojekti/src/main.jsx">
        <metrics statements="1" coveredstatements="0" conditionals="0" coveredconditionals="0" methods="0" coveredmethods="0"/>
        <line num="5" count="0" type="stmt"/>
      </file>
    </package>
    <package name="src.components">
      <metrics statements="54" coveredstatements="48" conditionals="19" coveredconditionals="16" methods="11" coveredmethods="11"/>
      <file name="lisaa.jsx" path="/Users/emiliarantonen/kurssit/miniprojekti/src/components/lisaa.jsx">
        <metrics statements="54" coveredstatements="48" conditionals="19" coveredconditionals="16" methods="11" coveredmethods="11"/>
        <line num="3" count="3" type="stmt"/>
        <line num="5" count="264" type="stmt"/>
        <line num="6" count="264" type="stmt"/>
        <line num="7" count="264" type="stmt"/>
        <line num="8" count="264" type="stmt"/>
        <line num="9" count="264" type="stmt"/>
        <line num="10" count="264" type="stmt"/>
        <line num="11" count="264" type="stmt"/>
        <line num="12" count="264" type="stmt"/>
        <line num="16" count="264" type="stmt"/>
        <line num="17" count="4" type="stmt"/>
        <line num="18" count="4" type="cond" truecount="2" falsecount="0"/>
        <line num="21" count="264" type="stmt"/>
        <line num="22" count="4" type="stmt"/>
        <line num="25" count="264" type="stmt"/>
        <line num="26" count="5" type="stmt"/>
        <line num="28" count="5" type="cond" truecount="9" falsecount="0"/>
        <line num="29" count="1" type="stmt"/>
        <line num="30" count="1" type="stmt"/>
        <line num="34" count="4" type="cond" truecount="3" falsecount="1"/>
        <line num="35" count="0" type="stmt"/>
        <line num="36" count="0" type="stmt"/>
        <line num="39" count="4" type="cond" truecount="1" falsecount="1"/>
        <line num="40" count="0" type="stmt"/>
        <line num="41" count="0" type="stmt"/>
        <line num="44" count="4" type="cond" truecount="1" falsecount="1"/>
        <line num="45" count="0" type="stmt"/>
        <line num="46" count="0" type="stmt"/>
        <line num="49" count="4" type="stmt"/>
        <line num="59" count="4" type="stmt"/>
        <line num="61" count="4" type="stmt"/>
        <line num="63" count="4" type="stmt"/>
        <line num="64" count="4" type="stmt"/>
        <line num="65" count="4" type="stmt"/>
        <line num="66" count="4" type="stmt"/>
        <line num="67" count="4" type="stmt"/>
        <line num="68" count="4" type="stmt"/>
        <line num="69" count="4" type="stmt"/>
        <line num="70" count="4" type="stmt"/>
        <line num="73" count="264" type="stmt"/>
        <line num="74" count="30" type="stmt"/>
        <line num="77" count="264" type="stmt"/>
        <line num="78" count="46" type="stmt"/>
        <line num="81" count="264" type="stmt"/>
        <line num="82" count="42" type="stmt"/>
        <line num="85" count="264" type="stmt"/>
        <line num="86" count="50" type="stmt"/>
        <line num="89" count="264" type="stmt"/>
        <line num="90" count="16" type="stmt"/>
        <line num="93" count="264" type="stmt"/>
        <line num="94" count="46" type="stmt"/>
        <line num="97" count="264" type="stmt"/>
        <line num="98" count="20" type="stmt"/>
        <line num="101" count="264" type="stmt"/>
      </file>
    </package>
  </project>
</coverage>
