{"/Users/emiliarantonen/kurssit/miniprojekti/src/App.jsx": {"path":"/Users/emiliarantonen/kurssit/miniprojekti/src/App.jsx","statementMap":{"0":{"start":{"line":8,"column":38},"end":{"line":8,"column":50}},"1":{"start":{"line":9,"column":32},"end":{"line":9,"column":44}},"2":{"start":{"line":11,"column":2},"end":{"line":19,"column":8}},"3":{"start":{"line":12,"column":4},"end":{"line":12,"column":25}},"4":{"start":{"line":13,"column":4},"end":{"line":18,"column":8}},"5":{"start":{"line":16,"column":8},"end":{"line":16,"column":40}},"6":{"start":{"line":17,"column":8},"end":{"line":17,"column":36}},"7":{"start":{"line":20,"column":2},"end":{"line":20,"column":56}},"8":{"start":{"line":22,"column":25},"end":{"line":29,"column":3}},"9":{"start":{"line":24,"column":4},"end":{"line":28,"column":6}},"10":{"start":{"line":27,"column":6},"end":{"line":27,"column":55}},"11":{"start":{"line":32,"column":27},"end":{"line":41,"column":3}},"12":{"start":{"line":33,"column":6},"end":{"line":40,"column":15}},"13":{"start":{"line":44,"column":22},"end":{"line":44,"column":24}},"14":{"start":{"line":45,"column":2},"end":{"line":47,"column":4}},"15":{"start":{"line":46,"column":4},"end":{"line":46,"column":57}},"16":{"start":{"line":51,"column":17},"end":{"line":51,"column":80}},"17":{"start":{"line":52,"column":21},"end":{"line":52,"column":34}},"18":{"start":{"line":53,"column":4},"end":{"line":53,"column":27}},"19":{"start":{"line":58,"column":24},"end":{"line":72,"column":3}},"20":{"start":{"line":59,"column":4},"end":{"line":71,"column":5}},"21":{"start":{"line":60,"column":23},"end":{"line":60,"column":74}},"22":{"start":{"line":61,"column":23},"end":{"line":61,"column":36}},"23":{"start":{"line":63,"column":6},"end":{"line":66,"column":7}},"24":{"start":{"line":64,"column":8},"end":{"line":64,"column":77}},"25":{"start":{"line":65,"column":8},"end":{"line":65,"column":61}},"26":{"start":{"line":68,"column":6},"end":{"line":68,"column":31}},"27":{"start":{"line":70,"column":6},"end":{"line":70,"column":37}},"28":{"start":{"line":74,"column":2},"end":{"line":100,"column":3}},"29":{"start":{"line":83,"column":8},"end":{"line":90,"column":14}},"30":{"start":{"line":95,"column":8},"end":{"line":97,"column":14}}},"fnMap":{"0":{"name":"App","decl":{"start":{"line":7,"column":9},"end":{"line":7,"column":12}},"loc":{"start":{"line":7,"column":15},"end":{"line":101,"column":1}},"line":7},"1":{"name":"(anonymous_1)","decl":{"start":{"line":11,"column":12},"end":{"line":11,"column":13}},"loc":{"start":{"line":11,"column":18},"end":{"line":19,"column":3}},"line":11},"2":{"name":"(anonymous_2)","decl":{"start":{"line":15,"column":12},"end":{"line":15,"column":13}},"loc":{"start":{"line":15,"column":24},"end":{"line":18,"column":7}},"line":15},"3":{"name":"(anonymous_3)","decl":{"start":{"line":22,"column":25},"end":{"line":22,"column":26}},"loc":{"start":{"line":22,"column":46},"end":{"line":29,"column":3}},"line":22},"4":{"name":"(anonymous_4)","decl":{"start":{"line":26,"column":10},"end":{"line":26,"column":11}},"loc":{"start":{"line":26,"column":22},"end":{"line":28,"column":5}},"line":26},"5":{"name":"(anonymous_5)","decl":{"start":{"line":32,"column":27},"end":{"line":32,"column":28}},"loc":{"start":{"line":32,"column":42},"end":{"line":41,"column":3}},"line":32},"6":{"name":"(anonymous_6)","decl":{"start":{"line":45,"column":21},"end":{"line":45,"column":22}},"loc":{"start":{"line":45,"column":34},"end":{"line":47,"column":3}},"line":45},"7":{"name":"downloadBibTeXFile","decl":{"start":{"line":50,"column":11},"end":{"line":50,"column":29}},"loc":{"start":{"line":50,"column":32},"end":{"line":54,"column":3}},"line":50},"8":{"name":"(anonymous_8)","decl":{"start":{"line":58,"column":24},"end":{"line":58,"column":25}},"loc":{"start":{"line":58,"column":36},"end":{"line":72,"column":3}},"line":58},"9":{"name":"(anonymous_9)","decl":{"start":{"line":82,"column":22},"end":{"line":82,"column":23}},"loc":{"start":{"line":83,"column":8},"end":{"line":90,"column":14}},"line":83},"10":{"name":"(anonymous_10)","decl":{"start":{"line":94,"column":22},"end":{"line":94,"column":23}},"loc":{"start":{"line":95,"column":8},"end":{"line":97,"column":14}},"line":95}},"branchMap":{},"s":{"0":9,"1":8,"2":8,"3":3,"4":3,"5":2,"6":2,"7":8,"8":8,"9":3,"10":3,"11":8,"12":8,"13":8,"14":8,"15":4,"16":1,"17":1,"18":1,"19":8,"20":0,"21":0,"22":0,"23":0,"24":0,"25":0,"26":0,"27":0,"28":8,"29":4,"30":4},"f":{"0":9,"1":3,"2":2,"3":3,"4":3,"5":8,"6":4,"7":1,"8":0,"9":4,"10":4},"b":{},"_coverageSchema":"1a1c01bbd47fc00a2c39e90264f33305004495a9","hash":"8b6d9a8ae305d57ee77e59ac381f4ce47dc42206"}
,"/Users/emiliarantonen/kurssit/miniprojekti/src/main.jsx": {"path":"/Users/emiliarantonen/kurssit/miniprojekti/src/main.jsx","statementMap":{"0":{"start":{"line":5,"column":0},"end":{"line":5,"column":68}}},"fnMap":{},"branchMap":{},"s":{"0":0},"f":{},"b":{}}
,"/Users/emiliarantonen/kurssit/miniprojekti/src/components/lisaa.jsx": {"path":"/Users/emiliarantonen/kurssit/miniprojekti/src/components/lisaa.jsx","statementMap":{"0":{"start":{"line":3,"column":14},"end":{"line":128,"column":1}},"1":{"start":{"line":5,"column":42},"end":{"line":5,"column":54}},"2":{"start":{"line":6,"column":30},"end":{"line":6,"column":42}},"3":{"start":{"line":7,"column":36},"end":{"line":7,"column":48}},"4":{"start":{"line":8,"column":34},"end":{"line":8,"column":46}},"5":{"start":{"line":9,"column":38},"end":{"line":9,"column":50}},"6":{"start":{"line":10,"column":32},"end":{"line":10,"column":44}},"7":{"start":{"line":11,"column":36},"end":{"line":11,"column":48}},"8":{"start":{"line":12,"column":34},"end":{"line":12,"column":46}},"9":{"start":{"line":16,"column":23},"end":{"line":19,"column":3}},"10":{"start":{"line":17,"column":24},"end":{"line":17,"column":48}},"11":{"start":{"line":18,"column":4},"end":{"line":18,"column":66}},"12":{"start":{"line":21,"column":24},"end":{"line":23,"column":3}},"13":{"start":{"line":22,"column":4},"end":{"line":22,"column":30}},"14":{"start":{"line":25,"column":23},"end":{"line":71,"column":3}},"15":{"start":{"line":26,"column":4},"end":{"line":26,"column":26}},"16":{"start":{"line":28,"column":4},"end":{"line":31,"column":5}},"17":{"start":{"line":29,"column":6},"end":{"line":29,"column":58}},"18":{"start":{"line":30,"column":6},"end":{"line":30,"column":13}},"19":{"start":{"line":34,"column":4},"end":{"line":37,"column":5}},"20":{"start":{"line":35,"column":6},"end":{"line":35,"column":68}},"21":{"start":{"line":36,"column":6},"end":{"line":36,"column":12}},"22":{"start":{"line":39,"column":4},"end":{"line":42,"column":5}},"23":{"start":{"line":40,"column":6},"end":{"line":40,"column":46}},"24":{"start":{"line":41,"column":6},"end":{"line":41,"column":13}},"25":{"start":{"line":44,"column":4},"end":{"line":47,"column":5}},"26":{"start":{"line":45,"column":6},"end":{"line":45,"column":95}},"27":{"start":{"line":46,"column":6},"end":{"line":46,"column":13}},"28":{"start":{"line":49,"column":25},"end":{"line":57,"column":5}},"29":{"start":{"line":59,"column":4},"end":{"line":59,"column":33}},"30":{"start":{"line":61,"column":4},"end":{"line":61,"column":33}},"31":{"start":{"line":63,"column":4},"end":{"line":63,"column":23}},"32":{"start":{"line":64,"column":4},"end":{"line":64,"column":17}},"33":{"start":{"line":65,"column":4},"end":{"line":65,"column":20}},"34":{"start":{"line":66,"column":4},"end":{"line":66,"column":19}},"35":{"start":{"line":67,"column":4},"end":{"line":67,"column":21}},"36":{"start":{"line":68,"column":4},"end":{"line":68,"column":18}},"37":{"start":{"line":69,"column":4},"end":{"line":69,"column":20}},"38":{"start":{"line":70,"column":4},"end":{"line":70,"column":19}},"39":{"start":{"line":73,"column":26},"end":{"line":75,"column":3}},"40":{"start":{"line":74,"column":4},"end":{"line":74,"column":33}},"41":{"start":{"line":77,"column":29},"end":{"line":79,"column":3}},"42":{"start":{"line":78,"column":4},"end":{"line":78,"column":36}},"43":{"start":{"line":81,"column":28},"end":{"line":83,"column":3}},"44":{"start":{"line":82,"column":4},"end":{"line":82,"column":35}},"45":{"start":{"line":85,"column":30},"end":{"line":87,"column":3}},"46":{"start":{"line":86,"column":4},"end":{"line":86,"column":37}},"47":{"start":{"line":89,"column":27},"end":{"line":91,"column":3}},"48":{"start":{"line":90,"column":4},"end":{"line":90,"column":34}},"49":{"start":{"line":93,"column":29},"end":{"line":95,"column":3}},"50":{"start":{"line":94,"column":4},"end":{"line":94,"column":36}},"51":{"start":{"line":97,"column":28},"end":{"line":99,"column":3}},"52":{"start":{"line":98,"column":4},"end":{"line":98,"column":35}},"53":{"start":{"line":101,"column":4},"end":{"line":127,"column":5}}},"fnMap":{"0":{"name":"(anonymous_0)","decl":{"start":{"line":3,"column":14},"end":{"line":3,"column":15}},"loc":{"start":{"line":3,"column":39},"end":{"line":128,"column":1}},"line":3},"1":{"name":"(anonymous_1)","decl":{"start":{"line":16,"column":23},"end":{"line":16,"column":24}},"loc":{"start":{"line":16,"column":33},"end":{"line":19,"column":3}},"line":16},"2":{"name":"(anonymous_2)","decl":{"start":{"line":21,"column":24},"end":{"line":21,"column":25}},"loc":{"start":{"line":21,"column":35},"end":{"line":23,"column":3}},"line":21},"3":{"name":"(anonymous_3)","decl":{"start":{"line":25,"column":23},"end":{"line":25,"column":24}},"loc":{"start":{"line":25,"column":34},"end":{"line":71,"column":3}},"line":25},"4":{"name":"(anonymous_4)","decl":{"start":{"line":73,"column":26},"end":{"line":73,"column":27}},"loc":{"start":{"line":73,"column":37},"end":{"line":75,"column":3}},"line":73},"5":{"name":"(anonymous_5)","decl":{"start":{"line":77,"column":29},"end":{"line":77,"column":30}},"loc":{"start":{"line":77,"column":40},"end":{"line":79,"column":3}},"line":77},"6":{"name":"(anonymous_6)","decl":{"start":{"line":81,"column":28},"end":{"line":81,"column":29}},"loc":{"start":{"line":81,"column":39},"end":{"line":83,"column":3}},"line":81},"7":{"name":"(anonymous_7)","decl":{"start":{"line":85,"column":30},"end":{"line":85,"column":31}},"loc":{"start":{"line":85,"column":41},"end":{"line":87,"column":3}},"line":85},"8":{"name":"(anonymous_8)","decl":{"start":{"line":89,"column":27},"end":{"line":89,"column":28}},"loc":{"start":{"line":89,"column":38},"end":{"line":91,"column":3}},"line":89},"9":{"name":"(anonymous_9)","decl":{"start":{"line":93,"column":29},"end":{"line":93,"column":30}},"loc":{"start":{"line":93,"column":40},"end":{"line":95,"column":3}},"line":93},"10":{"name":"(anonymous_10)","decl":{"start":{"line":97,"column":28},"end":{"line":97,"column":29}},"loc":{"start":{"line":97,"column":39},"end":{"line":99,"column":3}},"line":97}},"branchMap":{"0":{"loc":{"start":{"line":18,"column":11},"end":{"line":18,"column":65}},"type":"binary-expr","locations":[{"start":{"line":18,"column":11},"end":{"line":18,"column":31}},{"start":{"line":18,"column":35},"end":{"line":18,"column":65}}],"line":18},"1":{"loc":{"start":{"line":28,"column":4},"end":{"line":31,"column":5}},"type":"if","locations":[{"start":{"line":28,"column":4},"end":{"line":31,"column":5}},{"start":{},"end":{}}],"line":28},"2":{"loc":{"start":{"line":28,"column":8},"end":{"line":28,"column":96}},"type":"binary-expr","locations":[{"start":{"line":28,"column":8},"end":{"line":28,"column":15}},{"start":{"line":28,"column":19},"end":{"line":28,"column":29}},{"start":{"line":28,"column":33},"end":{"line":28,"column":42}},{"start":{"line":28,"column":46},"end":{"line":28,"column":57}},{"start":{"line":28,"column":61},"end":{"line":28,"column":69}},{"start":{"line":28,"column":73},"end":{"line":28,"column":83}},{"start":{"line":28,"column":87},"end":{"line":28,"column":96}}],"line":28},"3":{"loc":{"start":{"line":34,"column":4},"end":{"line":37,"column":5}},"type":"if","locations":[{"start":{"line":34,"column":4},"end":{"line":37,"column":5}},{"start":{},"end":{}}],"line":34},"4":{"loc":{"start":{"line":34,"column":8},"end":{"line":34,"column":52}},"type":"binary-expr","locations":[{"start":{"line":34,"column":8},"end":{"line":34,"column":28}},{"start":{"line":34,"column":32},"end":{"line":34,"column":52}}],"line":34},"5":{"loc":{"start":{"line":39,"column":4},"end":{"line":42,"column":5}},"type":"if","locations":[{"start":{"line":39,"column":4},"end":{"line":42,"column":5}},{"start":{},"end":{}}],"line":39},"6":{"loc":{"start":{"line":44,"column":4},"end":{"line":47,"column":5}},"type":"if","locations":[{"start":{"line":44,"column":4},"end":{"line":47,"column":5}},{"start":{},"end":{}}],"line":44}},"s":{"0":3,"1":264,"2":264,"3":264,"4":264,"5":264,"6":264,"7":264,"8":264,"9":264,"10":4,"11":4,"12":264,"13":4,"14":264,"15":5,"16":5,"17":1,"18":1,"19":4,"20":0,"21":0,"22":4,"23":0,"24":0,"25":4,"26":0,"27":0,"28":4,"29":4,"30":4,"31":4,"32":4,"33":4,"34":4,"35":4,"36":4,"37":4,"38":4,"39":264,"40":30,"41":264,"42":46,"43":264,"44":42,"45":264,"46":50,"47":264,"48":16,"49":264,"50":46,"51":264,"52":20,"53":264},"f":{"0":264,"1":4,"2":4,"3":5,"4":30,"5":46,"6":42,"7":50,"8":16,"9":46,"10":20},"b":{"0":[4,4],"1":[1,4],"2":[5,4,4,4,4,4,4],"3":[0,4],"4":[4,4],"5":[0,4],"6":[0,4]},"_coverageSchema":"1a1c01bbd47fc00a2c39e90264f33305004495a9","hash":"500dcbb223aca4487b5f1c03e4109b064b97ccb6"}
}
