{"/Users/emiliarantonen/kurssit/miniprojekti/src/App.jsx": {"path":"/Users/emiliarantonen/kurssit/miniprojekti/src/App.jsx","statementMap":{"0":{"start":{"line":8,"column":38},"end":{"line":8,"column":50}},"1":{"start":{"line":10,"column":2},"end":{"line":18,"column":8}},"2":{"start":{"line":11,"column":4},"end":{"line":11,"column":25}},"3":{"start":{"line":12,"column":4},"end":{"line":17,"column":8}},"4":{"start":{"line":15,"column":8},"end":{"line":15,"column":40}},"5":{"start":{"line":16,"column":8},"end":{"line":16,"column":36}},"6":{"start":{"line":19,"column":2},"end":{"line":19,"column":56}},"7":{"start":{"line":21,"column":25},"end":{"line":28,"column":3}},"8":{"start":{"line":23,"column":4},"end":{"line":27,"column":6}},"9":{"start":{"line":26,"column":6},"end":{"line":26,"column":55}},"10":{"start":{"line":31,"column":27},"end":{"line":40,"column":3}},"11":{"start":{"line":32,"column":6},"end":{"line":39,"column":15}},"12":{"start":{"line":43,"column":22},"end":{"line":43,"column":24}},"13":{"start":{"line":44,"column":2},"end":{"line":46,"column":4}},"14":{"start":{"line":45,"column":4},"end":{"line":45,"column":57}},"15":{"start":{"line":50,"column":4},"end":{"line":50,"column":35}},"16":{"start":{"line":51,"column":4},"end":{"line":51,"column":30}},"17":{"start":{"line":53,"column":17},"end":{"line":53,"column":80}},"18":{"start":{"line":54,"column":21},"end":{"line":54,"column":34}},"19":{"start":{"line":55,"column":4},"end":{"line":55,"column":27}},"20":{"start":{"line":58,"column":2},"end":{"line":82,"column":3}},"21":{"start":{"line":64,"column":8},"end":{"line":71,"column":14}},"22":{"start":{"line":76,"column":8},"end":{"line":78,"column":14}}},"fnMap":{"0":{"name":"App","decl":{"start":{"line":7,"column":9},"end":{"line":7,"column":12}},"loc":{"start":{"line":7,"column":15},"end":{"line":83,"column":1}},"line":7},"1":{"name":"(anonymous_1)","decl":{"start":{"line":10,"column":12},"end":{"line":10,"column":13}},"loc":{"start":{"line":10,"column":18},"end":{"line":18,"column":3}},"line":10},"2":{"name":"(anonymous_2)","decl":{"start":{"line":14,"column":12},"end":{"line":14,"column":13}},"loc":{"start":{"line":14,"column":24},"end":{"line":17,"column":7}},"line":14},"3":{"name":"(anonymous_3)","decl":{"start":{"line":21,"column":25},"end":{"line":21,"column":26}},"loc":{"start":{"line":21,"column":46},"end":{"line":28,"column":3}},"line":21},"4":{"name":"(anonymous_4)","decl":{"start":{"line":25,"column":10},"end":{"line":25,"column":11}},"loc":{"start":{"line":25,"column":22},"end":{"line":27,"column":5}},"line":25},"5":{"name":"(anonymous_5)","decl":{"start":{"line":31,"column":27},"end":{"line":31,"column":28}},"loc":{"start":{"line":31,"column":42},"end":{"line":40,"column":3}},"line":31},"6":{"name":"(anonymous_6)","decl":{"start":{"line":44,"column":21},"end":{"line":44,"column":22}},"loc":{"start":{"line":44,"column":34},"end":{"line":46,"column":3}},"line":44},"7":{"name":"downloadBibTeXFile","decl":{"start":{"line":49,"column":11},"end":{"line":49,"column":29}},"loc":{"start":{"line":49,"column":32},"end":{"line":56,"column":3}},"line":49},"8":{"name":"(anonymous_8)","decl":{"start":{"line":63,"column":22},"end":{"line":63,"column":23}},"loc":{"start":{"line":64,"column":8},"end":{"line":71,"column":14}},"line":64},"9":{"name":"(anonymous_9)","decl":{"start":{"line":75,"column":22},"end":{"line":75,"column":23}},"loc":{"start":{"line":76,"column":8},"end":{"line":78,"column":14}},"line":76}},"branchMap":{},"s":{"0":7,"1":6,"2":2,"3":2,"4":2,"5":2,"6":6,"7":6,"8":4,"9":3,"10":6,"11":84,"12":6,"13":6,"14":42,"15":0,"16":0,"17":0,"18":0,"19":0,"20":6,"21":42,"22":42},"f":{"0":7,"1":2,"2":2,"3":4,"4":3,"5":84,"6":42,"7":0,"8":42,"9":42},"b":{},"_coverageSchema":"1a1c01bbd47fc00a2c39e90264f33305004495a9","hash":"1602e41a2a43fe6d130c4c5cab8f82613a6692f8"}
,"/Users/emiliarantonen/kurssit/miniprojekti/src/main.jsx": {"path":"/Users/emiliarantonen/kurssit/miniprojekti/src/main.jsx","statementMap":{"0":{"start":{"line":5,"column":0},"end":{"line":5,"column":68}}},"fnMap":{},"branchMap":{},"s":{"0":0},"f":{},"b":{}}
,"/Users/emiliarantonen/kurssit/miniprojekti/src/components/lisaa.jsx": {"path":"/Users/emiliarantonen/kurssit/miniprojekti/src/components/lisaa.jsx","statementMap":{"0":{"start":{"line":3,"column":14},"end":{"line":125,"column":1}},"1":{"start":{"line":5,"column":42},"end":{"line":5,"column":54}},"2":{"start":{"line":6,"column":30},"end":{"line":6,"column":42}},"3":{"start":{"line":7,"column":36},"end":{"line":7,"column":48}},"4":{"start":{"line":8,"column":34},"end":{"line":8,"column":46}},"5":{"start":{"line":9,"column":38},"end":{"line":9,"column":50}},"6":{"start":{"line":10,"column":32},"end":{"line":10,"column":44}},"7":{"start":{"line":11,"column":36},"end":{"line":11,"column":48}},"8":{"start":{"line":12,"column":34},"end":{"line":12,"column":46}},"9":{"start":{"line":16,"column":23},"end":{"line":19,"column":3}},"10":{"start":{"line":17,"column":24},"end":{"line":17,"column":48}},"11":{"start":{"line":18,"column":4},"end":{"line":18,"column":66}},"12":{"start":{"line":21,"column":24},"end":{"line":23,"column":3}},"13":{"start":{"line":22,"column":4},"end":{"line":22,"column":30}},"14":{"start":{"line":25,"column":23},"end":{"line":64,"column":3}},"15":{"start":{"line":26,"column":4},"end":{"line":26,"column":26}},"16":{"start":{"line":28,"column":4},"end":{"line":31,"column":5}},"17":{"start":{"line":29,"column":6},"end":{"line":29,"column":58}},"18":{"start":{"line":30,"column":6},"end":{"line":30,"column":13}},"19":{"start":{"line":33,"column":4},"end":{"line":36,"column":5}},"20":{"start":{"line":34,"column":6},"end":{"line":34,"column":46}},"21":{"start":{"line":35,"column":6},"end":{"line":35,"column":13}},"22":{"start":{"line":38,"column":4},"end":{"line":41,"column":5}},"23":{"start":{"line":39,"column":6},"end":{"line":39,"column":95}},"24":{"start":{"line":40,"column":6},"end":{"line":40,"column":13}},"25":{"start":{"line":42,"column":25},"end":{"line":50,"column":5}},"26":{"start":{"line":52,"column":4},"end":{"line":52,"column":33}},"27":{"start":{"line":54,"column":4},"end":{"line":54,"column":33}},"28":{"start":{"line":56,"column":4},"end":{"line":56,"column":23}},"29":{"start":{"line":57,"column":4},"end":{"line":57,"column":17}},"30":{"start":{"line":58,"column":4},"end":{"line":58,"column":20}},"31":{"start":{"line":59,"column":4},"end":{"line":59,"column":19}},"32":{"start":{"line":60,"column":4},"end":{"line":60,"column":21}},"33":{"start":{"line":61,"column":4},"end":{"line":61,"column":18}},"34":{"start":{"line":62,"column":4},"end":{"line":62,"column":20}},"35":{"start":{"line":63,"column":4},"end":{"line":63,"column":19}},"36":{"start":{"line":66,"column":26},"end":{"line":68,"column":3}},"37":{"start":{"line":67,"column":4},"end":{"line":67,"column":33}},"38":{"start":{"line":70,"column":29},"end":{"line":72,"column":3}},"39":{"start":{"line":71,"column":4},"end":{"line":71,"column":36}},"40":{"start":{"line":74,"column":28},"end":{"line":76,"column":3}},"41":{"start":{"line":75,"column":4},"end":{"line":75,"column":35}},"42":{"start":{"line":78,"column":30},"end":{"line":80,"column":3}},"43":{"start":{"line":79,"column":4},"end":{"line":79,"column":37}},"44":{"start":{"line":82,"column":27},"end":{"line":84,"column":3}},"45":{"start":{"line":83,"column":4},"end":{"line":83,"column":34}},"46":{"start":{"line":86,"column":29},"end":{"line":88,"column":3}},"47":{"start":{"line":87,"column":4},"end":{"line":87,"column":36}},"48":{"start":{"line":90,"column":28},"end":{"line":92,"column":3}},"49":{"start":{"line":91,"column":4},"end":{"line":91,"column":35}},"50":{"start":{"line":94,"column":4},"end":{"line":124,"column":5}}},"fnMap":{"0":{"name":"(anonymous_0)","decl":{"start":{"line":3,"column":14},"end":{"line":3,"column":15}},"loc":{"start":{"line":3,"column":39},"end":{"line":125,"column":1}},"line":3},"1":{"name":"(anonymous_1)","decl":{"start":{"line":16,"column":23},"end":{"line":16,"column":24}},"loc":{"start":{"line":16,"column":33},"end":{"line":19,"column":3}},"line":16},"2":{"name":"(anonymous_2)","decl":{"start":{"line":21,"column":24},"end":{"line":21,"column":25}},"loc":{"start":{"line":21,"column":35},"end":{"line":23,"column":3}},"line":21},"3":{"name":"(anonymous_3)","decl":{"start":{"line":25,"column":23},"end":{"line":25,"column":24}},"loc":{"start":{"line":25,"column":34},"end":{"line":64,"column":3}},"line":25},"4":{"name":"(anonymous_4)","decl":{"start":{"line":66,"column":26},"end":{"line":66,"column":27}},"loc":{"start":{"line":66,"column":37},"end":{"line":68,"column":3}},"line":66},"5":{"name":"(anonymous_5)","decl":{"start":{"line":70,"column":29},"end":{"line":70,"column":30}},"loc":{"start":{"line":70,"column":40},"end":{"line":72,"column":3}},"line":70},"6":{"name":"(anonymous_6)","decl":{"start":{"line":74,"column":28},"end":{"line":74,"column":29}},"loc":{"start":{"line":74,"column":39},"end":{"line":76,"column":3}},"line":74},"7":{"name":"(anonymous_7)","decl":{"start":{"line":78,"column":30},"end":{"line":78,"column":31}},"loc":{"start":{"line":78,"column":41},"end":{"line":80,"column":3}},"line":78},"8":{"name":"(anonymous_8)","decl":{"start":{"line":82,"column":27},"end":{"line":82,"column":28}},"loc":{"start":{"line":82,"column":38},"end":{"line":84,"column":3}},"line":82},"9":{"name":"(anonymous_9)","decl":{"start":{"line":86,"column":29},"end":{"line":86,"column":30}},"loc":{"start":{"line":86,"column":40},"end":{"line":88,"column":3}},"line":86},"10":{"name":"(anonymous_10)","decl":{"start":{"line":90,"column":28},"end":{"line":90,"column":29}},"loc":{"start":{"line":90,"column":39},"end":{"line":92,"column":3}},"line":90}},"branchMap":{"0":{"loc":{"start":{"line":18,"column":11},"end":{"line":18,"column":65}},"type":"binary-expr","locations":[{"start":{"line":18,"column":11},"end":{"line":18,"column":31}},{"start":{"line":18,"column":35},"end":{"line":18,"column":65}}],"line":18},"1":{"loc":{"start":{"line":28,"column":4},"end":{"line":31,"column":5}},"type":"if","locations":[{"start":{"line":28,"column":4},"end":{"line":31,"column":5}},{"start":{},"end":{}}],"line":28},"2":{"loc":{"start":{"line":28,"column":8},"end":{"line":28,"column":96}},"type":"binary-expr","locations":[{"start":{"line":28,"column":8},"end":{"line":28,"column":15}},{"start":{"line":28,"column":19},"end":{"line":28,"column":29}},{"start":{"line":28,"column":33},"end":{"line":28,"column":42}},{"start":{"line":28,"column":46},"end":{"line":28,"column":57}},{"start":{"line":28,"column":61},"end":{"line":28,"column":69}},{"start":{"line":28,"column":73},"end":{"line":28,"column":83}},{"start":{"line":28,"column":87},"end":{"line":28,"column":96}}],"line":28},"3":{"loc":{"start":{"line":33,"column":4},"end":{"line":36,"column":5}},"type":"if","locations":[{"start":{"line":33,"column":4},"end":{"line":36,"column":5}},{"start":{},"end":{}}],"line":33},"4":{"loc":{"start":{"line":38,"column":4},"end":{"line":41,"column":5}},"type":"if","locations":[{"start":{"line":38,"column":4},"end":{"line":41,"column":5}},{"start":{},"end":{}}],"line":38}},"s":{"0":2,"1":332,"2":332,"3":332,"4":332,"5":332,"6":332,"7":332,"8":332,"9":332,"10":5,"11":5,"12":332,"13":5,"14":332,"15":5,"16":5,"17":0,"18":0,"19":5,"20":0,"21":0,"22":5,"23":0,"24":0,"25":5,"26":5,"27":5,"28":5,"29":5,"30":5,"31":5,"32":5,"33":5,"34":5,"35":5,"36":332,"37":43,"38":332,"39":58,"40":332,"41":53,"42":332,"43":63,"44":332,"45":20,"46":332,"47":58,"48":332,"49":25,"50":332},"f":{"0":332,"1":5,"2":5,"3":5,"4":43,"5":58,"6":53,"7":63,"8":20,"9":58,"10":25},"b":{"0":[5,5],"1":[0,5],"2":[5,5,5,5,5,5,5],"3":[0,5],"4":[0,5]},"_coverageSchema":"1a1c01bbd47fc00a2c39e90264f33305004495a9","hash":"dc580ffa589744b62c888a91c801c307d856cbce"}
}
