TN:
SF:src/App.jsx
FN:7,App
FN:10,(anonymous_1)
FN:14,(anonymous_2)
FN:21,(anonymous_3)
FN:25,(anonymous_4)
FN:31,(anonymous_5)
FN:44,(anonymous_6)
FN:49,downloadBibTeXFile
FN:63,(anonymous_8)
FN:75,(anonymous_9)
FNF:10
FNH:9
FNDA:7,App
FNDA:2,(anonymous_1)
FNDA:2,(anonymous_2)
FNDA:4,(anonymous_3)
FNDA:3,(anonymous_4)
FNDA:84,(anonymous_5)
FNDA:42,(anonymous_6)
FNDA:0,downloadBibTeXFile
FNDA:42,(anonymous_8)
FNDA:42,(anonymous_9)
DA:8,7
DA:10,6
DA:11,2
DA:12,2
DA:15,2
DA:16,2
DA:19,6
DA:21,6
DA:23,4
DA:26,3
DA:31,6
DA:32,84
DA:43,6
DA:44,6
DA:45,42
DA:50,0
DA:51,0
DA:53,0
DA:54,0
DA:55,0
DA:58,6
DA:64,42
DA:76,42
LF:23
LH:18
BRF:0
BRH:0
end_of_record
TN:
SF:src/main.jsx
FNF:0
FNH:0
DA:5,0
LF:1
LH:0
BRF:0
BRH:0
end_of_record
TN:
SF:src/components/lisaa.jsx
FN:3,(anonymous_0)
FN:16,(anonymous_1)
FN:21,(anonymous_2)
FN:25,(anonymous_3)
FN:66,(anonymous_4)
FN:70,(anonymous_5)
FN:74,(anonymous_6)
FN:78,(anonymous_7)
FN:82,(anonymous_8)
FN:86,(anonymous_9)
FN:90,(anonymous_10)
FNF:11
FNH:11
FNDA:332,(anonymous_0)
FNDA:5,(anonymous_1)
FNDA:5,(anonymous_2)
FNDA:5,(anonymous_3)
FNDA:43,(anonymous_4)
FNDA:58,(anonymous_5)
FNDA:53,(anonymous_6)
FNDA:63,(anonymous_7)
FNDA:20,(anonymous_8)
FNDA:58,(anonymous_9)
FNDA:25,(anonymous_10)
DA:3,2
DA:5,332
DA:6,332
DA:7,332
DA:8,332
DA:9,332
DA:10,332
DA:11,332
DA:12,332
DA:16,332
DA:17,5
DA:18,5
DA:21,332
DA:22,5
DA:25,332
DA:26,5
DA:28,5
DA:29,0
DA:30,0
DA:33,5
DA:34,0
DA:35,0
DA:38,5
DA:39,0
DA:40,0
DA:42,5
DA:52,5
DA:54,5
DA:56,5
DA:57,5
DA:58,5
DA:59,5
DA:60,5
DA:61,5
DA:62,5
DA:63,5
DA:66,332
DA:67,43
DA:70,332
DA:71,58
DA:74,332
DA:75,53
DA:78,332
DA:79,63
DA:82,332
DA:83,20
DA:86,332
DA:87,58
DA:90,332
DA:91,25
DA:94,332
LF:51
LH:45
BRDA:18,0,0,5
BRDA:18,0,1,5
BRDA:28,1,0,0
BRDA:28,1,1,5
BRDA:28,2,0,5
BRDA:28,2,1,5
BRDA:28,2,2,5
BRDA:28,2,3,5
BRDA:28,2,4,5
BRDA:28,2,5,5
BRDA:28,2,6,5
BRDA:33,3,0,0
BRDA:33,3,1,5
BRDA:38,4,0,0
BRDA:38,4,1,5
BRF:15
BRH:12
end_of_record
