TN:
SF:src/App.jsx
FN:7,App
FN:11,(anonymous_1)
FN:15,(anonymous_2)
FN:22,(anonymous_3)
FN:26,(anonymous_4)
FN:32,(anonymous_5)
FN:45,(anonymous_6)
FN:50,downloadBibTeXFile
FN:58,(anonymous_8)
FN:82,(anonymous_9)
FN:94,(anonymous_10)
FNF:11
FNH:10
FNDA:9,App
FNDA:3,(anonymous_1)
FNDA:2,(anonymous_2)
FNDA:3,(anonymous_3)
FNDA:3,(anonymous_4)
FNDA:8,(anonymous_5)
FNDA:4,(anonymous_6)
FNDA:1,downloadBibTeXFile
FNDA:0,(anonymous_8)
FNDA:4,(anonymous_9)
FNDA:4,(anonymous_10)
DA:8,9
DA:9,8
DA:11,8
DA:12,3
DA:13,3
DA:16,2
DA:17,2
DA:20,8
DA:22,8
DA:24,3
DA:27,3
DA:32,8
DA:33,8
DA:44,8
DA:45,8
DA:46,4
DA:51,1
DA:52,1
DA:53,1
DA:58,8
DA:59,0
DA:60,0
DA:61,0
DA:63,0
DA:64,0
DA:65,0
DA:68,0
DA:70,0
DA:74,8
DA:83,4
DA:95,4
LF:31
LH:23
BRF:0
BRH:0
end_of_record
TN:
SF:src/main.jsx
FNF:0
FNH:0
DA:5,0
LF:1
LH:0
BRF:0
BRH:0
end_of_record
TN:
SF:src/components/lisaa.jsx
FN:3,(anonymous_0)
FN:16,(anonymous_1)
FN:21,(anonymous_2)
FN:25,(anonymous_3)
FN:73,(anonymous_4)
FN:77,(anonymous_5)
FN:81,(anonymous_6)
FN:85,(anonymous_7)
FN:89,(anonymous_8)
FN:93,(anonymous_9)
FN:97,(anonymous_10)
FNF:11
FNH:11
FNDA:264,(anonymous_0)
FNDA:4,(anonymous_1)
FNDA:4,(anonymous_2)
FNDA:5,(anonymous_3)
FNDA:30,(anonymous_4)
FNDA:46,(anonymous_5)
FNDA:42,(anonymous_6)
FNDA:50,(anonymous_7)
FNDA:16,(anonymous_8)
FNDA:46,(anonymous_9)
FNDA:20,(anonymous_10)
DA:3,3
DA:5,264
DA:6,264
DA:7,264
DA:8,264
DA:9,264
DA:10,264
DA:11,264
DA:12,264
DA:16,264
DA:17,4
DA:18,4
DA:21,264
DA:22,4
DA:25,264
DA:26,5
DA:28,5
DA:29,1
DA:30,1
DA:34,4
DA:35,0
DA:36,0
DA:39,4
DA:40,0
DA:41,0
DA:44,4
DA:45,0
DA:46,0
DA:49,4
DA:59,4
DA:61,4
DA:63,4
DA:64,4
DA:65,4
DA:66,4
DA:67,4
DA:68,4
DA:69,4
DA:70,4
DA:73,264
DA:74,30
DA:77,264
DA:78,46
DA:81,264
DA:82,42
DA:85,264
DA:86,50
DA:89,264
DA:90,16
DA:93,264
DA:94,46
DA:97,264
DA:98,20
DA:101,264
LF:54
LH:48
BRDA:18,0,0,4
BRDA:18,0,1,4
BRDA:28,1,0,1
BRDA:28,1,1,4
BRDA:28,2,0,5
BRDA:28,2,1,4
BRDA:28,2,2,4
BRDA:28,2,3,4
BRDA:28,2,4,4
BRDA:28,2,5,4
BRDA:28,2,6,4
BRDA:34,3,0,0
BRDA:34,3,1,4
BRDA:34,4,0,4
BRDA:34,4,1,4
BRDA:39,5,0,0
BRDA:39,5,1,4
BRDA:44,6,0,0
BRDA:44,6,1,4
BRF:19
BRH:16
end_of_record
